d:\course\程设\2022.12_fianl_hw\aeroplane chess\aeroplane chess\x64\release\vc143.pdb
d:\course\程设\2022.12_fianl_hw\aeroplane chess\aeroplane chess\x64\release\text.obj
d:\course\程设\2022.12_fianl_hw\aeroplane chess\aeroplane chess\x64\release\strategy.obj
d:\course\程设\2022.12_fianl_hw\aeroplane chess\aeroplane chess\x64\release\roll_dice.obj
d:\course\程设\2022.12_fianl_hw\aeroplane chess\aeroplane chess\x64\release\move.obj
d:\course\程设\2022.12_fianl_hw\aeroplane chess\aeroplane chess\x64\release\main.obj
d:\course\程设\2022.12_fianl_hw\aeroplane chess\aeroplane chess\x64\release\judge.obj
d:\course\程设\2022.12_fianl_hw\aeroplane chess\aeroplane chess\x64\release\in_same_square.obj
d:\course\程设\2022.12_fianl_hw\aeroplane chess\aeroplane chess\x64\release\draw_game.obj
d:\course\程设\2022.12_fianl_hw\aeroplane chess\aeroplane chess\x64\release\debug.obj
d:\course\程设\2022.12_fianl_hw\aeroplane chess\aeroplane chess\x64\release\creat_game.obj
d:\course\程设\2022.12_fianl_hw\aeroplane chess\aeroplane chess\x64\release\button.obj
d:\course\程设\2022.12_fianl_hw\aeroplane chess\aeroplane chess\x64\release\aeroplane chess.ipdb
d:\course\程设\2022.12_fianl_hw\aeroplane chess\aeroplane chess\x64\release\aeroplane chess.iobj
d:\course\程设\2022.12_fianl_hw\aeroplane chess\x64\release\aeroplane chess.pdb
d:\course\程设\2022.12_fianl_hw\aeroplane chess\aeroplane chess\x64\release\aeroplane chess.tlog\cl.command.1.tlog
d:\course\程设\2022.12_fianl_hw\aeroplane chess\aeroplane chess\x64\release\aeroplane chess.tlog\cl.read.1.tlog
d:\course\程设\2022.12_fianl_hw\aeroplane chess\aeroplane chess\x64\release\aeroplane chess.tlog\cl.write.1.tlog
d:\course\程设\2022.12_fianl_hw\aeroplane chess\aeroplane chess\x64\release\aeroplane chess.tlog\link.command.1.tlog
d:\course\程设\2022.12_fianl_hw\aeroplane chess\aeroplane chess\x64\release\aeroplane chess.tlog\link.read.1.tlog
d:\course\程设\2022.12_fianl_hw\aeroplane chess\aeroplane chess\x64\release\aeroplane chess.tlog\link.write.1.tlog
